<?xml version="1.0" encoding="UTF-8"?>
<testsuite xmlns:xsi="http://www.w3.org/2001/XMLSchema-instance" xsi:noNamespaceSchemaLocation="https://maven.apache.org/surefire/maven-surefire-plugin/xsd/surefire-test-report-3.0.xsd" version="3.0" name="aaarunner.searchcustokerRunnerTest" time="23.909" tests="1" errors="1" skipped="0" failures="0">
  <properties>
[...]
</properties>
  <testcase name="verify login function" classname="verify nopcommerce site #2" time="23.902">
    <error message="element not interactable&#10;  (Session info: chrome=108.0.5359.125)&#10;Build info: version: &apos;4.5.0&apos;, revision: &apos;fe167b119a&apos;&#10;System info: os.name: &apos;Windows 11&apos;, os.arch: &apos;amd64&apos;, os.version: &apos;10.0&apos;, java.version: &apos;1.8.0_341&apos;&#10;Driver info: org.openqa.selenium.chrome.ChromeDriver&#10;Command: [b6648ddc23eda8714e304c88787fe135, clickElement {id=aaf829f2-cac2-49de-a4fb-a856214f50cc}]&#10;Capabilities {acceptInsecureCerts: false, browserName: chrome, browserVersion: 108.0.5359.125, chrome: {chromedriverVersion: 108.0.5359.71 (1e0e3868ee06..., userDataDir: C:\Users\FANIND~1\AppData\L...}, goog:chromeOptions: {debuggerAddress: localhost:51087}, networkConnectionEnabled: false, pageLoadStrategy: normal, platformName: WINDOWS, proxy: Proxy(), se:cdp: ws://localhost:51087/devtoo..., se:cdpVersion: 108.0.5359.125, setWindowRect: true, strictFileInteractability: false, timeouts: {implicit: 0, pageLoad: 300000, script: 30000}, unhandledPromptBehavior: dismiss and notify, webauthn:extension:credBlob: true, webauthn:extension:largeBlob: true, webauthn:virtualAuthenticators: true}&#10;Element: [[ChromeDriver: chrome on WINDOWS (b6648ddc23eda8714e304c88787fe135)] -&gt; xpath: /html/body/div[3]/aside/div/div[4]/div/div/nav/ul/li[4]/ul/li[1]/a/p]&#10;Session ID: b6648ddc23eda8714e304c88787fe135" type="org.openqa.selenium.ElementNotInteractableException"><![CDATA[org.openqa.selenium.ElementNotInteractableException: 
element not interactable
  (Session info: chrome=108.0.5359.125)
Build info: version: '4.5.0', revision: 'fe167b119a'
System info: os.name: 'Windows 11', os.arch: 'amd64', os.version: '10.0', java.version: '1.8.0_341'
Driver info: org.openqa.selenium.chrome.ChromeDriver
Command: [b6648ddc23eda8714e304c88787fe135, clickElement {id=aaf829f2-cac2-49de-a4fb-a856214f50cc}]
Capabilities {acceptInsecureCerts: false, browserName: chrome, browserVersion: 108.0.5359.125, chrome: {chromedriverVersion: 108.0.5359.71 (1e0e3868ee06..., userDataDir: C:\Users\FANIND~1\AppData\L...}, goog:chromeOptions: {debuggerAddress: localhost:51087}, networkConnectionEnabled: false, pageLoadStrategy: normal, platformName: WINDOWS, proxy: Proxy(), se:cdp: ws://localhost:51087/devtoo..., se:cdpVersion: 108.0.5359.125, setWindowRect: true, strictFileInteractability: false, timeouts: {implicit: 0, pageLoad: 300000, script: 30000}, unhandledPromptBehavior: dismiss and notify, webauthn:extension:credBlob: true, webauthn:extension:largeBlob: true, webauthn:virtualAuthenticators: true}
Element: [[ChromeDriver: chrome on WINDOWS (b6648ddc23eda8714e304c88787fe135)] -> xpath: /html/body/div[3]/aside/div/div[4]/div/div/nav/ul/li[4]/ul/li[1]/a/p]
Session ID: b6648ddc23eda8714e304c88787fe135
]]></error>
    <system-out><![CDATA[[DEBUG] Using new Channel '[id: 0x374201d8, L:/127.0.0.1:51086 - R:localhost/127.0.0.1:49317]' for 'POST' to '/session'
[DEBUG] 

Request DefaultHttpRequest(decodeResult: success, version: HTTP/1.1)
POST /session HTTP/1.1
User-Agent: selenium/4.5.0 (java windows)
Content-Length: 365
Content-Type: application/json; charset=utf-8
host: localhost:49317
accept: */*

Response DefaultHttpResponse(decodeResult: success, version: HTTP/1.1)
HTTP/1.1 200 OK
Content-Type: application/json; charset=utf-8
cache-control: no-cache
content-length: 794

[DEBUG] Adding key: http://localhost:49317 for channel [id: 0x374201d8, L:/127.0.0.1:51086 - R:localhost/127.0.0.1:49317]
[DEBUG] Using new Channel '[id: 0x2095eec2, L:/127.0.0.1:51093 - R:localhost/127.0.0.1:51087]' for 'GET' to '/json/version'
[DEBUG] 

Request DefaultFullHttpRequest(decodeResult: success, version: HTTP/1.1, content: EmptyByteBufBE)
GET /json/version HTTP/1.1
User-Agent: selenium/4.5.0 (java windows)
host: localhost:51087
accept: */*

Response DefaultHttpResponse(decodeResult: success, version: HTTP/1.1)
HTTP/1.1 200 OK
Content-Type: application/json; charset=UTF-8
content-length: 424

[DEBUG] Adding key: http://localhost:51087 for channel [id: 0x2095eec2, L:/127.0.0.1:51093 - R:localhost/127.0.0.1:51087]
[DEBUG] Using new Channel '[id: 0xaf6a0e89, L:/127.0.0.1:51094 - R:localhost/127.0.0.1:51087]' for 'GET' to '/devtools/browser/15602b86-f70b-4d5b-b40c-a3d2b5fc4ace'
[DEBUG] 

Request DefaultFullHttpRequest(decodeResult: success, version: HTTP/1.1, content: EmptyByteBufBE)
GET /devtools/browser/15602b86-f70b-4d5b-b40c-a3d2b5fc4ace HTTP/1.1
upgrade: websocket
connection: upgrade
sec-websocket-key: o+njevN9lWkiQ4ev4oCJ5A==
sec-websocket-version: 13
origin: http://localhost:51087
host: localhost:51087
accept: */*
user-agent: AHC/2.1

Response DefaultHttpResponse(decodeResult: success, version: HTTP/1.1)
HTTP/1.1 101 WebSocket Protocol Handshake
Upgrade: WebSocket
Connection: Upgrade
Sec-WebSocket-Accept: MtQvyeGm3pVfjxlu+0jrQAzkKNI=

[DEBUG] Using pooled Channel '[id: 0x374201d8, L:/127.0.0.1:51086 - R:localhost/127.0.0.1:49317]' for 'POST' to 'http://localhost:49317/session/b6648ddc23eda8714e304c88787fe135/url'
[DEBUG] Using open Channel [id: 0x374201d8, L:/127.0.0.1:51086 - R:localhost/127.0.0.1:49317] for POST '/session/b6648ddc23eda8714e304c88787fe135/url'
[DEBUG] Entry count for : http://localhost:51087 : 1
[DEBUG] Entry count for : http://localhost:51087 : 1
[DEBUG] Entry count for : http://localhost:51087 : 1
[DEBUG] 

Request DefaultHttpRequest(decodeResult: success, version: HTTP/1.1)
POST /session/b6648ddc23eda8714e304c88787fe135/url HTTP/1.1
User-Agent: selenium/4.5.0 (java windows)
Content-Length: 92
Content-Type: application/json; charset=utf-8
host: localhost:49317
accept: */*

Response DefaultHttpResponse(decodeResult: success, version: HTTP/1.1)
HTTP/1.1 200 OK
Content-Type: application/json; charset=utf-8
cache-control: no-cache
content-length: 14

[DEBUG] Adding key: http://localhost:49317 for channel [id: 0x374201d8, L:/127.0.0.1:51086 - R:localhost/127.0.0.1:49317]
user launces browser ji ha
ChromeDriver: chrome on WINDOWS (b6648ddc23eda8714e304c88787fe135)
user enters url
[DEBUG] Using pooled Channel '[id: 0x374201d8, L:/127.0.0.1:51086 - R:localhost/127.0.0.1:49317]' for 'POST' to 'http://localhost:49317/session/b6648ddc23eda8714e304c88787fe135/element'
[DEBUG] Using open Channel [id: 0x374201d8, L:/127.0.0.1:51086 - R:localhost/127.0.0.1:49317] for POST '/session/b6648ddc23eda8714e304c88787fe135/element'
[DEBUG] 

Request DefaultHttpRequest(decodeResult: success, version: HTTP/1.1)
POST /session/b6648ddc23eda8714e304c88787fe135/element HTTP/1.1
User-Agent: selenium/4.5.0 (java windows)
Content-Length: 50
Content-Type: application/json; charset=utf-8
host: localhost:49317
accept: */*

Response DefaultHttpResponse(decodeResult: success, version: HTTP/1.1)
HTTP/1.1 200 OK
Content-Type: application/json; charset=utf-8
cache-control: no-cache
content-length: 88

[DEBUG] Adding key: http://localhost:49317 for channel [id: 0x374201d8, L:/127.0.0.1:51086 - R:localhost/127.0.0.1:49317]
[DEBUG] Using pooled Channel '[id: 0x374201d8, L:/127.0.0.1:51086 - R:localhost/127.0.0.1:49317]' for 'POST' to 'http://localhost:49317/session/b6648ddc23eda8714e304c88787fe135/element/cbdb7275-61a8-4a43-9342-c2224daacca2/clear'
[DEBUG] Using open Channel [id: 0x374201d8, L:/127.0.0.1:51086 - R:localhost/127.0.0.1:49317] for POST '/session/b6648ddc23eda8714e304c88787fe135/element/cbdb7275-61a8-4a43-9342-c2224daacca2/clear'
[DEBUG] 

Request DefaultHttpRequest(decodeResult: success, version: HTTP/1.1)
POST /session/b6648ddc23eda8714e304c88787fe135/element/cbdb7275-61a8-4a43-9342-c2224daacca2/clear HTTP/1.1
User-Agent: selenium/4.5.0 (java windows)
Content-Length: 50
Content-Type: application/json; charset=utf-8
host: localhost:49317
accept: */*

Response DefaultHttpResponse(decodeResult: success, version: HTTP/1.1)
HTTP/1.1 200 OK
Content-Type: application/json; charset=utf-8
cache-control: no-cache
content-length: 14

[DEBUG] Adding key: http://localhost:49317 for channel [id: 0x374201d8, L:/127.0.0.1:51086 - R:localhost/127.0.0.1:49317]
[DEBUG] Using pooled Channel '[id: 0x374201d8, L:/127.0.0.1:51086 - R:localhost/127.0.0.1:49317]' for 'POST' to 'http://localhost:49317/session/b6648ddc23eda8714e304c88787fe135/element'
[DEBUG] Using open Channel [id: 0x374201d8, L:/127.0.0.1:51086 - R:localhost/127.0.0.1:49317] for POST '/session/b6648ddc23eda8714e304c88787fe135/element'
[DEBUG] 

Request DefaultHttpRequest(decodeResult: success, version: HTTP/1.1)
POST /session/b6648ddc23eda8714e304c88787fe135/element HTTP/1.1
User-Agent: selenium/4.5.0 (java windows)
Content-Length: 50
Content-Type: application/json; charset=utf-8
host: localhost:49317
accept: */*

Response DefaultHttpResponse(decodeResult: success, version: HTTP/1.1)
HTTP/1.1 200 OK
Content-Type: application/json; charset=utf-8
cache-control: no-cache
content-length: 88

[DEBUG] Adding key: http://localhost:49317 for channel [id: 0x374201d8, L:/127.0.0.1:51086 - R:localhost/127.0.0.1:49317]
[DEBUG] Using pooled Channel '[id: 0x374201d8, L:/127.0.0.1:51086 - R:localhost/127.0.0.1:49317]' for 'POST' to 'http://localhost:49317/session/b6648ddc23eda8714e304c88787fe135/element/cbdb7275-61a8-4a43-9342-c2224daacca2/value'
[DEBUG] Using open Channel [id: 0x374201d8, L:/127.0.0.1:51086 - R:localhost/127.0.0.1:49317] for POST '/session/b6648ddc23eda8714e304c88787fe135/element/cbdb7275-61a8-4a43-9342-c2224daacca2/value'
[DEBUG] 

Request DefaultHttpRequest(decodeResult: success, version: HTTP/1.1)
POST /session/b6648ddc23eda8714e304c88787fe135/element/cbdb7275-61a8-4a43-9342-c2224daacca2/value HTTP/1.1
User-Agent: selenium/4.5.0 (java windows)
Content-Length: 271
Content-Type: application/json; charset=utf-8
host: localhost:49317
accept: */*

Response DefaultHttpResponse(decodeResult: success, version: HTTP/1.1)
HTTP/1.1 200 OK
Content-Type: application/json; charset=utf-8
cache-control: no-cache
content-length: 14

[DEBUG] Adding key: http://localhost:49317 for channel [id: 0x374201d8, L:/127.0.0.1:51086 - R:localhost/127.0.0.1:49317]
[DEBUG] Using pooled Channel '[id: 0x374201d8, L:/127.0.0.1:51086 - R:localhost/127.0.0.1:49317]' for 'POST' to 'http://localhost:49317/session/b6648ddc23eda8714e304c88787fe135/element'
[DEBUG] Using open Channel [id: 0x374201d8, L:/127.0.0.1:51086 - R:localhost/127.0.0.1:49317] for POST '/session/b6648ddc23eda8714e304c88787fe135/element'
[DEBUG] 

Request DefaultHttpRequest(decodeResult: success, version: HTTP/1.1)
POST /session/b6648ddc23eda8714e304c88787fe135/element HTTP/1.1
User-Agent: selenium/4.5.0 (java windows)
Content-Length: 53
Content-Type: application/json; charset=utf-8
host: localhost:49317
accept: */*

Response DefaultHttpResponse(decodeResult: success, version: HTTP/1.1)
HTTP/1.1 200 OK
Content-Type: application/json; charset=utf-8
cache-control: no-cache
content-length: 88

[DEBUG] Adding key: http://localhost:49317 for channel [id: 0x374201d8, L:/127.0.0.1:51086 - R:localhost/127.0.0.1:49317]
[DEBUG] Using pooled Channel '[id: 0x374201d8, L:/127.0.0.1:51086 - R:localhost/127.0.0.1:49317]' for 'POST' to 'http://localhost:49317/session/b6648ddc23eda8714e304c88787fe135/element/5065a015-9c69-4287-8818-e78e91c3828b/clear'
[DEBUG] Using open Channel [id: 0x374201d8, L:/127.0.0.1:51086 - R:localhost/127.0.0.1:49317] for POST '/session/b6648ddc23eda8714e304c88787fe135/element/5065a015-9c69-4287-8818-e78e91c3828b/clear'
[DEBUG] 

Request DefaultHttpRequest(decodeResult: success, version: HTTP/1.1)
POST /session/b6648ddc23eda8714e304c88787fe135/element/5065a015-9c69-4287-8818-e78e91c3828b/clear HTTP/1.1
User-Agent: selenium/4.5.0 (java windows)
Content-Length: 50
Content-Type: application/json; charset=utf-8
host: localhost:49317
accept: */*

Response DefaultHttpResponse(decodeResult: success, version: HTTP/1.1)
HTTP/1.1 200 OK
Content-Type: application/json; charset=utf-8
cache-control: no-cache
content-length: 14

[DEBUG] Adding key: http://localhost:49317 for channel [id: 0x374201d8, L:/127.0.0.1:51086 - R:localhost/127.0.0.1:49317]
[DEBUG] Using pooled Channel '[id: 0x374201d8, L:/127.0.0.1:51086 - R:localhost/127.0.0.1:49317]' for 'POST' to 'http://localhost:49317/session/b6648ddc23eda8714e304c88787fe135/element'
[DEBUG] Using open Channel [id: 0x374201d8, L:/127.0.0.1:51086 - R:localhost/127.0.0.1:49317] for POST '/session/b6648ddc23eda8714e304c88787fe135/element'
[DEBUG] 

Request DefaultHttpRequest(decodeResult: success, version: HTTP/1.1)
POST /session/b6648ddc23eda8714e304c88787fe135/element HTTP/1.1
User-Agent: selenium/4.5.0 (java windows)
Content-Length: 53
Content-Type: application/json; charset=utf-8
host: localhost:49317
accept: */*

Response DefaultHttpResponse(decodeResult: success, version: HTTP/1.1)
HTTP/1.1 200 OK
Content-Type: application/json; charset=utf-8
cache-control: no-cache
content-length: 88

[DEBUG] Adding key: http://localhost:49317 for channel [id: 0x374201d8, L:/127.0.0.1:51086 - R:localhost/127.0.0.1:49317]
[DEBUG] Using pooled Channel '[id: 0x374201d8, L:/127.0.0.1:51086 - R:localhost/127.0.0.1:49317]' for 'POST' to 'http://localhost:49317/session/b6648ddc23eda8714e304c88787fe135/element/5065a015-9c69-4287-8818-e78e91c3828b/value'
[DEBUG] Using open Channel [id: 0x374201d8, L:/127.0.0.1:51086 - R:localhost/127.0.0.1:49317] for POST '/session/b6648ddc23eda8714e304c88787fe135/element/5065a015-9c69-4287-8818-e78e91c3828b/value'
[DEBUG] 

Request DefaultHttpRequest(decodeResult: success, version: HTTP/1.1)
POST /session/b6648ddc23eda8714e304c88787fe135/element/5065a015-9c69-4287-8818-e78e91c3828b/value HTTP/1.1
User-Agent: selenium/4.5.0 (java windows)
Content-Length: 131
Content-Type: application/json; charset=utf-8
host: localhost:49317
accept: */*

Response DefaultHttpResponse(decodeResult: success, version: HTTP/1.1)
HTTP/1.1 200 OK
Content-Type: application/json; charset=utf-8
cache-control: no-cache
content-length: 14

[DEBUG] Adding key: http://localhost:49317 for channel [id: 0x374201d8, L:/127.0.0.1:51086 - R:localhost/127.0.0.1:49317]
[DEBUG] Using pooled Channel '[id: 0x374201d8, L:/127.0.0.1:51086 - R:localhost/127.0.0.1:49317]' for 'POST' to 'http://localhost:49317/session/b6648ddc23eda8714e304c88787fe135/element'
[DEBUG] Using open Channel [id: 0x374201d8, L:/127.0.0.1:51086 - R:localhost/127.0.0.1:49317] for POST '/session/b6648ddc23eda8714e304c88787fe135/element'
[DEBUG] 

Request DefaultHttpRequest(decodeResult: success, version: HTTP/1.1)
POST /session/b6648ddc23eda8714e304c88787fe135/element HTTP/1.1
User-Agent: selenium/4.5.0 (java windows)
Content-Length: 71
Content-Type: application/json; charset=utf-8
host: localhost:49317
accept: */*

Response DefaultHttpResponse(decodeResult: success, version: HTTP/1.1)
HTTP/1.1 200 OK
Content-Type: application/json; charset=utf-8
cache-control: no-cache
content-length: 88

[DEBUG] Adding key: http://localhost:49317 for channel [id: 0x374201d8, L:/127.0.0.1:51086 - R:localhost/127.0.0.1:49317]
[DEBUG] Using pooled Channel '[id: 0x374201d8, L:/127.0.0.1:51086 - R:localhost/127.0.0.1:49317]' for 'POST' to 'http://localhost:49317/session/b6648ddc23eda8714e304c88787fe135/element/4d8c4402-27d7-4b78-882c-9623ccca6a8d/click'
[DEBUG] Using open Channel [id: 0x374201d8, L:/127.0.0.1:51086 - R:localhost/127.0.0.1:49317] for POST '/session/b6648ddc23eda8714e304c88787fe135/element/4d8c4402-27d7-4b78-882c-9623ccca6a8d/click'
[DEBUG] Entry count for : http://localhost:51087 : 1
[DEBUG] Entry count for : http://localhost:51087 : 1
[DEBUG] Entry count for : http://localhost:51087 : 1
[DEBUG] Entry count for : http://localhost:51087 : 1
[DEBUG] Entry count for : http://localhost:51087 : 1
[DEBUG] Entry count for : http://localhost:51087 : 1
[DEBUG] 

Request DefaultHttpRequest(decodeResult: success, version: HTTP/1.1)
POST /session/b6648ddc23eda8714e304c88787fe135/element/4d8c4402-27d7-4b78-882c-9623ccca6a8d/click HTTP/1.1
User-Agent: selenium/4.5.0 (java windows)
Content-Length: 50
Content-Type: application/json; charset=utf-8
host: localhost:49317
accept: */*

Response DefaultHttpResponse(decodeResult: success, version: HTTP/1.1)
HTTP/1.1 200 OK
Content-Type: application/json; charset=utf-8
cache-control: no-cache
content-length: 14

[DEBUG] Adding key: http://localhost:49317 for channel [id: 0x374201d8, L:/127.0.0.1:51086 - R:localhost/127.0.0.1:49317]
[DEBUG] Entry count for : http://localhost:51087 : 1
[DEBUG] Entry count for : http://localhost:49317 : 1
[DEBUG] Entry count for : http://localhost:51087 : 1
[DEBUG] Entry count for : http://localhost:49317 : 1
[DEBUG] Entry count for : http://localhost:51087 : 1
[DEBUG] Entry count for : http://localhost:49317 : 1
[DEBUG] Entry count for : http://localhost:51087 : 1
[DEBUG] Entry count for : http://localhost:49317 : 1
[DEBUG] Entry count for : http://localhost:51087 : 1
[DEBUG] Entry count for : http://localhost:49317 : 1
hello jiChromeDriver: chrome on WINDOWS (b6648ddc23eda8714e304c88787fe135)
[DEBUG] Entry count for : http://localhost:51087 : 1
[DEBUG] Entry count for : http://localhost:49317 : 1
[DEBUG] Entry count for : http://localhost:51087 : 1
[DEBUG] Entry count for : http://localhost:49317 : 1
[DEBUG] Entry count for : http://localhost:51087 : 1
[DEBUG] Entry count for : http://localhost:49317 : 1
[DEBUG] Using pooled Channel '[id: 0x374201d8, L:/127.0.0.1:51086 - R:localhost/127.0.0.1:49317]' for 'POST' to 'http://localhost:49317/session/b6648ddc23eda8714e304c88787fe135/element'
[DEBUG] Using open Channel [id: 0x374201d8, L:/127.0.0.1:51086 - R:localhost/127.0.0.1:49317] for POST '/session/b6648ddc23eda8714e304c88787fe135/element'
[DEBUG] 

Request DefaultHttpRequest(decodeResult: success, version: HTTP/1.1)
POST /session/b6648ddc23eda8714e304c88787fe135/element HTTP/1.1
User-Agent: selenium/4.5.0 (java windows)
Content-Length: 89
Content-Type: application/json; charset=utf-8
host: localhost:49317
accept: */*

Response DefaultHttpResponse(decodeResult: success, version: HTTP/1.1)
HTTP/1.1 200 OK
Content-Type: application/json; charset=utf-8
cache-control: no-cache
content-length: 88

[DEBUG] Adding key: http://localhost:49317 for channel [id: 0x374201d8, L:/127.0.0.1:51086 - R:localhost/127.0.0.1:49317]
[DEBUG] Using pooled Channel '[id: 0x374201d8, L:/127.0.0.1:51086 - R:localhost/127.0.0.1:49317]' for 'POST' to 'http://localhost:49317/session/b6648ddc23eda8714e304c88787fe135/element/8e7c373d-0890-4a9a-b1a2-491c0ffc9b2d/click'
[DEBUG] Using open Channel [id: 0x374201d8, L:/127.0.0.1:51086 - R:localhost/127.0.0.1:49317] for POST '/session/b6648ddc23eda8714e304c88787fe135/element/8e7c373d-0890-4a9a-b1a2-491c0ffc9b2d/click'
[DEBUG] 

Request DefaultHttpRequest(decodeResult: success, version: HTTP/1.1)
POST /session/b6648ddc23eda8714e304c88787fe135/element/8e7c373d-0890-4a9a-b1a2-491c0ffc9b2d/click HTTP/1.1
User-Agent: selenium/4.5.0 (java windows)
Content-Length: 50
Content-Type: application/json; charset=utf-8
host: localhost:49317
accept: */*

Response DefaultHttpResponse(decodeResult: success, version: HTTP/1.1)
HTTP/1.1 200 OK
Content-Type: application/json; charset=utf-8
cache-control: no-cache
content-length: 14

[DEBUG] Adding key: http://localhost:49317 for channel [id: 0x374201d8, L:/127.0.0.1:51086 - R:localhost/127.0.0.1:49317]
[DEBUG] Using pooled Channel '[id: 0x374201d8, L:/127.0.0.1:51086 - R:localhost/127.0.0.1:49317]' for 'POST' to 'http://localhost:49317/session/b6648ddc23eda8714e304c88787fe135/element'
[DEBUG] Using open Channel [id: 0x374201d8, L:/127.0.0.1:51086 - R:localhost/127.0.0.1:49317] for POST '/session/b6648ddc23eda8714e304c88787fe135/element'
[DEBUG] 

Request DefaultHttpRequest(decodeResult: success, version: HTTP/1.1)
POST /session/b6648ddc23eda8714e304c88787fe135/element HTTP/1.1
User-Agent: selenium/4.5.0 (java windows)
Content-Length: 180
Content-Type: application/json; charset=utf-8
host: localhost:49317
accept: */*

Response DefaultHttpResponse(decodeResult: success, version: HTTP/1.1)
HTTP/1.1 200 OK
Content-Type: application/json; charset=utf-8
cache-control: no-cache
content-length: 88

[DEBUG] Adding key: http://localhost:49317 for channel [id: 0x374201d8, L:/127.0.0.1:51086 - R:localhost/127.0.0.1:49317]
[DEBUG] Using pooled Channel '[id: 0x374201d8, L:/127.0.0.1:51086 - R:localhost/127.0.0.1:49317]' for 'POST' to 'http://localhost:49317/session/b6648ddc23eda8714e304c88787fe135/element/aaf829f2-cac2-49de-a4fb-a856214f50cc/click'
[DEBUG] Using open Channel [id: 0x374201d8, L:/127.0.0.1:51086 - R:localhost/127.0.0.1:49317] for POST '/session/b6648ddc23eda8714e304c88787fe135/element/aaf829f2-cac2-49de-a4fb-a856214f50cc/click'
[DEBUG] 

Request DefaultHttpRequest(decodeResult: success, version: HTTP/1.1)
POST /session/b6648ddc23eda8714e304c88787fe135/element/aaf829f2-cac2-49de-a4fb-a856214f50cc/click HTTP/1.1
User-Agent: selenium/4.5.0 (java windows)
Content-Length: 50
Content-Type: application/json; charset=utf-8
host: localhost:49317
accept: */*

Response DefaultHttpResponse(decodeResult: success, version: HTTP/1.1)
HTTP/1.1 400 Bad Request
Content-Type: application/json; charset=utf-8
cache-control: no-cache
content-length: 893

[DEBUG] Adding key: http://localhost:49317 for channel [id: 0x374201d8, L:/127.0.0.1:51086 - R:localhost/127.0.0.1:49317]
[DEBUG] Entry count for : http://localhost:51087 : 1
[DEBUG] Entry count for : http://localhost:49317 : 1
[DEBUG] Entry count for : http://localhost:51087 : 1
[DEBUG] Entry count for : http://localhost:49317 : 1
[DEBUG] Entry count for : http://localhost:51087 : 1
[DEBUG] Entry count for : http://localhost:49317 : 1
[DEBUG] Channel Closed: [id: 0xaf6a0e89, L:/127.0.0.1:51094 ! R:localhost/127.0.0.1:51087] with attribute NettyResponseFuture{currentRetry=0,
	isDone=1,
	isCancelled=0,
	asyncHandler=org.asynchttpclient.ws.WebSocketUpgradeHandler@22d6b7f0,
	nettyRequest=org.asynchttpclient.netty.request.NettyRequest@67d42dce,
	future=java.util.concurrent.CompletableFuture@39402768[Completed normally],
	uri=ws://localhost:51087/devtools/browser/15602b86-f70b-4d5b-b40c-a3d2b5fc4ace,
	keepAlive=true,
	redirectCount=0,
	timeoutsHolder=null,
	inAuth=0,
	touch=1672855564797}
[DEBUG] Closing Channel [id: 0xaf6a0e89, L:/127.0.0.1:51094 ! R:localhost/127.0.0.1:51087] 
[DEBUG] Using pooled Channel '[id: 0x374201d8, L:/127.0.0.1:51086 - R:localhost/127.0.0.1:49317]' for 'DELETE' to 'http://localhost:49317/session/b6648ddc23eda8714e304c88787fe135'
[DEBUG] Using open Channel [id: 0x374201d8, L:/127.0.0.1:51086 - R:localhost/127.0.0.1:49317] for DELETE '/session/b6648ddc23eda8714e304c88787fe135'
[DEBUG] Unexpected I/O exception on channel [id: 0x2095eec2, L:/127.0.0.1:51093 - R:localhost/127.0.0.1:51087]
java.io.IOException: An existing connection was forcibly closed by the remote host
	at sun.nio.ch.SocketDispatcher.read0(Native Method) ~[na:1.8.0_341]
	at sun.nio.ch.SocketDispatcher.read(SocketDispatcher.java:43) ~[na:1.8.0_341]
	at sun.nio.ch.IOUtil.readIntoNativeBuffer(IOUtil.java:223) ~[na:1.8.0_341]
	at sun.nio.ch.IOUtil.read(IOUtil.java:192) ~[na:1.8.0_341]
	at sun.nio.ch.SocketChannelImpl.read(SocketChannelImpl.java:378) ~[na:1.8.0_341]
	at io.netty.buffer.PooledByteBuf.setBytes(PooledByteBuf.java:258) ~[netty-buffer-4.1.79.Final.jar:4.1.79.Final]
	at io.netty.buffer.AbstractByteBuf.writeBytes(AbstractByteBuf.java:1132) ~[netty-buffer-4.1.79.Final.jar:4.1.79.Final]
	at io.netty.channel.socket.nio.NioSocketChannel.doReadBytes(NioSocketChannel.java:357) ~[netty-transport-4.1.79.Final.jar:4.1.79.Final]
	at io.netty.channel.nio.AbstractNioByteChannel$NioByteUnsafe.read(AbstractNioByteChannel.java:151) ~[netty-transport-4.1.79.Final.jar:4.1.79.Final]
	at io.netty.channel.nio.NioEventLoop.processSelectedKey(NioEventLoop.java:722) [netty-transport-4.1.79.Final.jar:4.1.79.Final]
	at io.netty.channel.nio.NioEventLoop.processSelectedKeysOptimized(NioEventLoop.java:658) [netty-transport-4.1.79.Final.jar:4.1.79.Final]
	at io.netty.channel.nio.NioEventLoop.processSelectedKeys(NioEventLoop.java:584) [netty-transport-4.1.79.Final.jar:4.1.79.Final]
	at io.netty.channel.nio.NioEventLoop.run(NioEventLoop.java:496) [netty-transport-4.1.79.Final.jar:4.1.79.Final]
	at io.netty.util.concurrent.SingleThreadEventExecutor$4.run(SingleThreadEventExecutor.java:997) [netty-common-4.1.79.Final.jar:4.1.79.Final]
	at io.netty.util.internal.ThreadExecutorMap$2.run(ThreadExecutorMap.java:74) [netty-common-4.1.79.Final.jar:4.1.79.Final]
	at io.netty.util.concurrent.FastThreadLocalRunnable.run(FastThreadLocalRunnable.java:30) [netty-common-4.1.79.Final.jar:4.1.79.Final]
	at java.lang.Thread.run(Thread.java:750) [na:1.8.0_341]
[DEBUG] Closing Channel [id: 0x2095eec2, L:/127.0.0.1:51093 - R:localhost/127.0.0.1:51087] 
[DEBUG] Channel Closed: [id: 0x2095eec2, L:/127.0.0.1:51093 ! R:localhost/127.0.0.1:51087] with attribute DISCARD
[DEBUG] 

Request DefaultFullHttpRequest(decodeResult: success, version: HTTP/1.1, content: EmptyByteBufBE)
DELETE /session/b6648ddc23eda8714e304c88787fe135 HTTP/1.1
User-Agent: selenium/4.5.0 (java windows)
Content-Type: application/json; charset=utf-8
host: localhost:49317
accept: */*

Response DefaultHttpResponse(decodeResult: success, version: HTTP/1.1)
HTTP/1.1 200 OK
Content-Type: application/json; charset=utf-8
cache-control: no-cache
content-length: 14

[DEBUG] Adding key: http://localhost:49317 for channel [id: 0x374201d8, L:/127.0.0.1:51086 - R:localhost/127.0.0.1:49317]
[DEBUG] Channel Closed: [id: 0x374201d8, L:/127.0.0.1:51086 ! R:localhost/127.0.0.1:49317] with attribute DISCARD
[DEBUG] Entry count for : http://localhost:51087 : 1
[DEBUG] Entry count for : http://localhost:49317 : 1
[DEBUG] Adding Candidate expired Channel [id: 0x2095eec2, L:/127.0.0.1:51093 ! R:localhost/127.0.0.1:51087] isIdleTimeoutExpired=false isRemotelyClosed=true isTtlExpired=false
[DEBUG] Closing Idle Channel [id: 0x2095eec2, L:/127.0.0.1:51093 ! R:localhost/127.0.0.1:51087]
[DEBUG] Adding Candidate expired Channel [id: 0x374201d8, L:/127.0.0.1:51086 ! R:localhost/127.0.0.1:49317] isIdleTimeoutExpired=false isRemotelyClosed=true isTtlExpired=false
[DEBUG] Closing Idle Channel [id: 0x374201d8, L:/127.0.0.1:51086 ! R:localhost/127.0.0.1:49317]
[DEBUG] Closed 2 connections out of 2 in 1 ms
]]></system-out>
    <system-err><![CDATA[Starting ChromeDriver 108.0.5359.71 (1e0e3868ee06e91ad636a874420e3ca3ae3756ac-refs/branch-heads/5359@{#1016}) on port 49317
Only local connections are allowed.
Please see https://chromedriver.chromium.org/security-considerations for suggestions on keeping ChromeDriver safe.
ChromeDriver was started successfully.
Jan 04, 2023 11:36:04 PM org.openqa.selenium.remote.ProtocolHandshake createSession
INFO: Detected upstream dialect: W3C
Jan 04, 2023 11:36:04 PM org.openqa.selenium.devtools.CdpVersionFinder findNearestMatch
WARNING: Unable to find an exact match for CDP version 108, so returning the closest version found: 106
Jan 04, 2023 11:36:04 PM org.openqa.selenium.devtools.CdpVersionFinder findNearestMatch
INFO: Found CDP implementation for version 108 of 106
]]></system-err>
  </testcase>
</testsuite>